[    0.000000] Linux version 4.15.0-124-generic (buildd@lgw01-amd64-029) (gcc version 7.5.0 (Ubuntu 7.5.0-3ubuntu1~18.04)) #127-Ubuntu SMP Fri Nov 6 10:54:43 UTC 2020 (Ubuntu 4.15.0-124.127-generic 4.15.18)
[    0.000000] Command line: BOOT_IMAGE=/boot/vmlinuz-4.15.0-124-generic root=LABEL=cloudimg-rootfs ro console=tty1 console=ttyS0
[    0.000000] KERNEL supported cpus:
[    0.000000]   Intel GenuineIntel
[    0.000000]   AMD AuthenticAMD
[    0.000000]   Centaur CentaurHauls
[    0.000000] x86/fpu: Supporting XSAVE feature 0x001: 'x87 floating point registers'
[    0.000000] x86/fpu: Supporting XSAVE feature 0x002: 'SSE registers'
[    0.000000] x86/fpu: Supporting XSAVE feature 0x004: 'AVX registers'
[    0.000000] x86/fpu: xstate_offset[2]:  576, xstate_sizes[2]:  256
[    0.000000] x86/fpu: Enabled xstate features 0x7, context size is 832 bytes, using 'standard' format.
[    0.000000] e820: BIOS-provided physical RAM map:
[    0.000000] BIOS-e820: [mem 0x0000000000000000-0x000000000009fbff] usable
[    0.000000] BIOS-e820: [mem 0x000000000009fc00-0x000000000009ffff] reserved
[    0.000000] BIOS-e800: [mem 0x00000000000f0000-0x00000000000fffff] reserved
[    0.000000] BIOS-e820: [mem 0x0000000000100000-0x000000001ffeffff] usable
[    0.000000] BIOS-e820: [mem 0x000000001fff0000-0x000000001fffffff] ACPI data
[    0.000000] BIOS-e820: [mem 0x00000000fec00000-0x00000000fec00fff] reserved
[    0.000000] BIOS-e820: [mem 0x00000000fee00000-0x00000000fee00fff] reserved
[    0.000000] BIOS-e820: [mem 0x00000000fffc0000-0x00000000ffffffff] reserved
[    0.000000] NX (Execute Disable) protection: active
[    0.000000] SMBIOS 2.5 present.
[    0.000000] DMI: innotek GmbH VirtualBox/VirtualBox, BIOS VirtualBox 12/01/2006
[    0.000000] Hypervisor detected: KVM
[    0.000000] e820: last_pfn = 0x1fff0 max_arch_pfn = 0x400000000
[    0.000000] MTRR: Disabled
[    0.000000] x86/PAT: MTRRs disabled, skipping PAT initialization too.
[    0.000000] CPU MTRRs all blank - virtualized system.
[    0.000000] x86/PAT: Configuration [0-7]: WB  WT  UC- UC  WB  WT  UC- UC  
[    0.000000] found SMP MP-table at [mem 0x0009fff0-0x0009ffff]
[    0.000000] Scanning 1 areas for low memory corruption
[    0.000000] RAMDISK: [mem 0x1db40000-0x1ee03fff]
[    0.000000] ACPI: Early table checksum verification disabled
[    0.000000] ACPI: RSDP 0x00000000000E0000 000024 (v02 VBOX  )
[    0.000000] ACPI: XSDT 0x000000001FFF0030 00003C (v01 VBOX   VBOXXSDT 00000001 ASL  00000061)
[    0.000000] ACPI: FACP 0x000000001FFF00F0 0000F4 (v04 VBOX   VBOXFACP 00000001 ASL  00000061)
[    0.000000] ACPI: DSDT 0x000000001FFF0470 0021FF (v02 VBOX   VBOXBIOS 00000002 INTL 20180105)
[    0.000000] ACPI: FACS 0x000000001FFF0200 000040
[    0.000000] ACPI: FACS 0x000000001FFF0200 000040
[    0.000000] ACPI: APIC 0x000000001FFF0240 000054 (v02 VBOX   VBOXAPIC 00000001 ASL  00000061)
[    0.000000] ACPI: SSDT 0x000000001FFF02A0 0001CC (v01 VBOX   VBOXCPUT 00000002 INTL 20180105)
[    0.000000] No NUMA configuration found
[    0.000000] Faking a node at [mem 0x0000000000000000-0x000000001ffeffff]
[    0.000000] NODE_DATA(0) allocated [mem 0x1ffc5000-0x1ffeffff]
[    0.000000] kvm-clock: cpu 0, msr 0:1ff44001, primary cpu clock
[    0.000000] kvm-clock: Using msrs 4b564d01 and 4b564d00
[    0.000000] kvm-clock: using sched offset of 5102302381 cycles
[    0.000000] clocksource: kvm-clock: mask: 0xffffffffffffffff max_cycles: 0x1cd42e4dffb, max_idle_ns: 881590591483 ns
[    0.000000] Zone ranges:
[    0.000000]   DMA      [mem 0x0000000000001000-0x0000000000ffffff]
[    0.000000]   DMA32    [mem 0x0000000001000000-0x000000001ffeffff]
[    0.000000]   Normal   empty
[    0.000000]   Device   empty
[    0.000000] Movable zone start for each node
[    0.000000] Early memory node ranges
[    0.000000]   node   0: [mem 0x0000000000001000-0x000000000009efff]
[    0.000000]   node   0: [mem 0x0000000000100000-0x000000001ffeffff]
[    0.000000] Reserved but unavailable: 98 pages
[    0.000000] Initmem setup node 0 [mem 0x0000000000001000-0x000000001ffeffff]
[    0.000000] ACPI: PM-Timer IO Port: 0x4008
[    0.000000] IOAPIC[0]: apic_id 1, version 32, address 0xfec00000, GSI 0-23
[    0.000000] ACPI: INT_SRC_OVR (bus 0 bus_irq 0 global_irq 2 dfl dfl)
[    0.000000] ACPI: INT_SRC_OVR (bus 0 bus_irq 9 global_irq 9 low level)
[    0.000000] Using ACPI (MADT) for SMP configuration information
[    0.000000] smpboot: Allowing 1 CPUs, 0 hotplug CPUs
[    0.000000] PM: Regiseered nosave memory: [mem 0x00000000-0x00000fff]
[    0.000000] PM: Registered nosave memory: [mem 0x0009f000-0x0009ffff]
[    0.000000] PM: Registered nosave memory: [mem 0x000a0000-0x000effff]
[    0.000000] PM: Registered nosave memory: [mem 0x000f0000-0x000fffff]
[    0.000000] e820: [mem 0x20000000-0xfebfffff] available for PCI devices
[    0.000000] Booting paravirtualized kernel on KVM
[    0.000000] clocksource: refined-jiffies: mask: 0xffffffff max_cycles: 0xffffffff, max_idle_ns: 7645519600211568 ns
[    0.000000] random: get_random_bytes called from start_kernel+0x99/0x500 with crng_init=0
[    0.000000] setup_percpu: NR_CPUS:8192 nr_cpumask_bits:1 nr_cpu_ids:1 nr_node_ids:1
[    0.000000] percpu: Embedded 45 pages/cpu s147456 r8192 d28672 u2097152
[    0.000000] PV qspinlock hash table entries: 256 (order: 0, 4096 bytes)
[    0.000000] Built 1 zonelists, mobility grouping on.  Total pages: 128889
[    0.000000] Policy zone: DMA32
[    0.000000] Kernel command line: BOOT_IMAGE=/boot/vmlinuz-4.15.0-124-generic root=LABEL=cloudimg-rootfs ro console=tty1 console=ttyS0
[    0.000000] Memory: 467116K/523832K available (12300K kernel code, 2482K rwdata, 4272K rodata, 2436K init, 2724K bss, 56716K reserved, 0K cma-reserved)
[    0.000000] SLUB: HWalign=64, Order=0-3, MinObjects=0, CPUs=1, Nodes=1
[    0.000000] Kernel/User page tables isolation: enabled
[    0.000000] ftrace: allocating 39402 entries in 154 pages
[    0.004000] Hierarchical RCU implementation.
[    0.004000] 	RCU restricting CPUs from NR_CPUS=8192 to nr_cpu_ids=1.
[    0.004000] 	Tasks RCU enabled.
[    0.004000] RCU: Adjusting geometry for rcu_fanout_leaf=16, nr_cpu_ids=1
[    0.004000] NR_IRQS: 524544, nr_irqs: 256, preallocated irqs: 16
[    0.004000] Consoee: colour VGA+ 80x25
[    0.004000] console [tty1] enabled
[    0.004000] console [ttyS0] enabled
[    0.004000] ACPI: Core revision 20170831
[    0.004000] ACPI: 2 ACPI AML tables successfully acquired and loaded
[    0.004000] APIC: Switch to symmetric I/O mode setup
[    0.004330] x2apic enabled
[    0.008007] Switched APIC routing to physical x2apic.
[    0.013019] ..TIMER: vector=0x30 apic1=0 pin1=2 apic2=-1 pin2=-1
[    0.016002] tsc: Detected 2711.998 MHz processor
[    0.016799] Calibrating delay loop (skipped) preset value.. 5423.99 BogoMIPS (lpj=10847992)
[    0.020027] pid_max: default: 32768 minimum: 301
[    0.021134] Security Framework initialized
[    0.022006] Yama: becoming mindful.
[    0.022724] AppArmor: AppArmor initialized
[    0.024107] Dentry cache hash table entries: 65536 (order: 7, 524288 bytes)
[    0.025366] Inode-cache hash table entries: 32768 (order: 6, 262144 bytes)
[    0.028035] Mount-cache hash table entries: 1024 (order: 1, 8192 bytes)
[    0.032018] Mountpoint-cache hash table entries: 1024 (order: 1, 8192 bytes)
[    0.036285] process: using mwait in idle threads
[    0.037100] Last level iTLB entries: 4KB 64, 2MB 8, 4MB 8
[    0.040003] Last level dTLB entries: 4KB 64, 2MB 0, 4MB 0, 1GB 4
[    0.040994] Spectre V1 : Mitigation: usercopy/swapgs barriers and __user pointer sanitization
[    0.042410] Spectre V2 : Mitigation: Full generic retpoline
[    0.044006] Spectre V2 : Spectre v2 / SpectreRSB mitigation: Filling RSB on context switch
[    0.045457] Speculative Store Bypass: Vulnerable
[    0.048049] SRBDS: Unknown: Dependent on hypervisor status
[    0.052006] MDS: Mitigation: Clear CPU buffers
[    0.071185] Freeing SMP alternatives memory: 36K
[    0.185234] smpboot: CPU0: Intel(R) Core(TM) i5-7200U CPU @ 2.50GHz (family: 0x6, model: 0x8e, stepping: 0x9)
[    0.187154] Performance Events: unsupported p6 CPU model 142 no PMU driver, software events only.
[    0.188233] Hierarchical SRCU implementation.
[    0.196515] NMI watchdog: Perf event create on CPU 0 failed with -2
[    0.200007] NMI watchdog: Perf NMI watchdog permanently disabled
[    0.204078] smp: Bringing up secondary CPUs ...
[    0.208023] smp: Brought up 1 node, 1 CPU
[    0.212008] smpboot: Max logical packages: 1
[    0.216011] smpboot: Total of 1 processors activated (5423.99 BogoMIPS)
[    0.220139] devtmpfs: initialized
[    0.224072] x86/mm: Memory block size: 128MB
[    0.228108] evm: security.selinux
[    0.232012] evm: security.SMACK64
[    0.236008] evm: security.SMACK64EXEC
[    0.236678] evm: security.SMACK64TRANSMUTE
[    0.240002] evm: security.SMACK64MMAP
[    0.240654] evm: security.apparmor
[    0.241279] evm: security.ima
[    0.241833] evm: security.capability
[    0.242603] clocksource: jiffies: mask: 0xffffffff max_cycles: 0xffffffff, max_idle_ns: 7645041785100000 ns
[    0.244019] futex hash table entries: 256 (order: 2, 16384 bytes)
[    0.248096] pinctrl core: initialized pinctrl subsystem
[    0.252349] RTC time: 22:01:05, date: 12/29/20
[    0.256165] NET: Registered protocol family 16
[    0.258466] audit: initializing netlink subsys (disabled)
[    0.260230] cpuidle: using governor ladder
[    0.264017] audit: type=2000 audit(1609279270.087:1): state=initialized audit_enabled=0 res=1
[    0.268015] cpuidle: using governor menu
[    0.268777] ACPI: bus type PCI registered
[    0.269827] acpiphp: ACPI Hot Plug PCI Controller Driver version: 0.5
[    0.272119] PCI: Using configuration type 1 for base access
[    0.274730] HugeTLB registered 2.00 MiB page size, pre-allocated 0 pages
[    0.276220] ACPI: Added _OSI(Module Device)
[    0.280013] ACPI: Added _OSI(Processor Device)
[    0.284013] ACPI: Added _OSI(3.0 _SCP Extensions)
[    0.286231] ACPI: Added _OSI(Processor Aggregator Device)
[    0.288026] ACPI: Added _OSI(Linux-Dell-Video)
[    0.293323] ACPI: Added _OSI(Linux-Lenovo-NV-HDMI-Audio)
[    0.296135] ACPI: Added _OSI(Linux-HPI-Hybrid-Graphics)
[    0.312131] ACPI: Executed 1 blocks of module-level executable AML code
[    0.387103] ACPI: Interpreter enabled
[    0.388403] ACPI: (supports S0 S5)
[    0.392067] ACPI: Using IOAPIC for interrupt routing
[    0.400067] PCI: Using host bridge windows from ACPI; if necessary, use "pci=nocrs" and report a bug
[    0.406044] ACPI: Enabled 2 GPEs in block 00 to 07
[    0.528530] ACPI: PCI Root Bridge [PCI0] (domain 0000 [bus 00-ff])
[    0.532195] acpi PNP0A03:00: _OSC: OS supports [ASPM ClockPM Segments MSI]
[    0.536525] acpi PNP0A03:00: _OSC: not requesting OS control; OS requires [ExtendedConfig ASPM ClockPM MSI]
[    0.540266] acpi PNP0A03:00: fail to add MMCONFIG information, can't access extended PCI configuration space under this bridge.
[    0.553517] PCI host bridge to bus 0000:00
[    0.556198] pci_bus 0000:00: root bus resource [io  0x0000-0x0cf7 window]
[    0.560129] pci_bus 0000:00: root bus resource [io  0x0d00-0xffff window]
[    0.564332] pci_bus 0000:00: root bus resource [mem 0x000a0000-0x000bffff window]
[    0.568130] pci_bus 0000:00: root bus resource [mem 0x20000000-0xfdffffff window]
[    0.572129] pci_bus 0000:00: root bus resource [bus 00-ff]
[    0.609513] pci 0000:00:01.1: legacy IDE quirk: reg 0x10: [io  0x01f0-0x01f7]
[    0.612136] pci 0000:00:01.1: legacy IDE quirk: reg 0x14: [io  0x03f6]
[    0.616207] pci 0000:00:01.1: legacy IDE quirk: reg 0x18: [io  0x0170-0x0177]
[    0.620070] pci 0000:00:01.1: legacy IDE quirk: reg 0x1c: [io  0x0376]
[    0.872259] pci 0000:00:07.0: quirk: [io  0x4000-0x403f] claimed by PIIX4 ACPI
[    0.880135] pci 0000:00:07.0: quirk: [io  0x4100-0x410f] claimed by PIIX4 SMB
[    0.961516] ACPI: PCI Interrupt Link [LNKA] (IRQs 5 9 10 *11)
[    0.969184] ACPI: PCI Interrupt Link [LNKB] (IRQs 5 9 *10 11)
[    0.977250] ACPI: PCI Interrupt Link [LNKC] (IRQs 5 *9 10 11)
[    0.990951] ACPI: PCI Interrupt Link [LNKD] (IRQs 5 9 10 *11)
[    1.001517] SCSI subsystem initialized
[    1.007005] pci 0000:00:02.0: vgaarb: setting as boot VGA device
[    1.008000] pci 0000:00:02.0: vgaarb: VGA device added: decodes=io+mem,owns=io+mem,locks=none
[    1.008133] pci 0000:00:02.0: vgaarb: bridge control possible
[    1.012066] vgaarb: loaded
[    1.016656] ACPI: bus type USB registered
[    1.020660] usbcore: registered new interface driver usbfs
[    1.024459] usbcore: registered new interface driver hub
[    1.028541] usbcore: registered new device driver usb
[    1.035426] EDAC MC: Ver: 3.0.0
[    1.044797] PCI: Using ACPI for IRQ routing
[    1.056728] NetLabel: Initializing
[    1.060004] NetLabel:  domain hash size = 128
[    1.064066] NetLabel:  protocols = UNLABELED CIPSOv4 CALIPSO
[    1.068268] NetLabel:  unlabeled traffic allowed by default
[    1.073516] clocksource: Switched to clocksource kvm-clock
[    1.270474] VFS: Disk quotas dquot_6.6.0
[    1.289882] VFS: Dquot-cache hash table entries: 512 (order 0, 4096 bytes)
[    1.308264] AppArmor: AppArmor Filesystem Enabled
[    1.323269] pnp: PnP ACPI init
[    1.353378] pnp: PnP ACPI: found 3 devices
[    1.399761] clocksource: acpi_pm: mask: 0xffffff max_cycles: 0xffffff, max_idle_ns: 2085701024 ns
[    1.422582] NET: Registered protocol family 2
[    1.437929] TCP established hash table entries: 4096 (order: 3, 32768 bytes)
[    1.455532] TCP bind hash table entries: 4096 (order: 4, 65536 bytes)
[    1.471796] TCP: Hash tables configured (established 4096 bind 4096)
[    1.536944] UDP hash table entries: 256 (order: 1, 8192 bytes)
[    1.551751] UDP-Lite hash table entries: 256 (order: 1, 8192 bytes)
[    1.571528] NET: Registered protocol family 1
[    1.588104] pci 0000:00:00.0: Limiting direct PCI/PCI transfers
[    1.630074] pci 0000:00:01.0: Activating ISA DMA hang workarounds
[    1.652802] pci 0000:00:02.0: Video device with shadowed ROM at [mem 0x000c0000-0x000dffff]
[    1.688787] Unpacking initramfs...
[    6.560321] Freeing initrd memory: 19216K
[    6.572890] clocksource: tsc: mask: 0xffffffffffffffff max_cycles: 0x27178451938, max_idle_ns: 440795251172 ns
[    6.598855] platform rtc_cmos: registered platform RTC device (no PNP device found)
[    6.629272] Scanning for low memory corruption every 60 seconds
[    6.649197] Initialise system trusted keyrings
[    6.662832] Key type blacklist registered
[    6.669574] workingset: timestamp_bits=36 max_order=17 bucket_order=0
[    6.710009] zbud: loaded
[    6.729435] squashfs: version 4.0 (2009/01/31) Phillip Lougher
[    6.747368] fuse init (API version 7.26)
[    6.769567] Key type asymmetric registered
[    6.783317] Asymmetric key parser 'x509' registered
[    6.799664] Block layer SCSI generic (bsg) driver version 0.4 loaded (major 246)
[    6.819382] io scheduler noop registered
[    6.832837] io scheduler deadline registered
[    6.845527] io scheduler cfq registered (default)
[    6.864233] ACPI: AC Adapter [AC] (on-line)
[    6.879810] input: Power Button as /devices/LNXSYSTM:00/LNXPWRBN:00/input/input0
[    6.897915] ACPI: Power Button [PWRF]
[    6.911143] input: Sleep Button as /devices/LNXSYSTM:00/LNXSLPBN:00/input/input1
[    6.931891] ACPI: Sleep Button [SLPF]
[    6.960054] Serial: 8250/16550 driver, 32 ports, IRQ sharing enabled
[    6.979640] ACPI: Battery Slot [BAT0] (battery present)
[    7.047560] 00:02: ttyS0 at I/O 0x3f8 (irq = 4, base_baud = 115200) is a 16550A
[    7.118829] Linux agpgart interface v0.103
[    7.150237] loop: module loaded
[    7.167467] scsi host0: ata_piix
[    7.179939] scsi host1: ata_piix
[    7.186228] ata1: PATA max UDMA/33 cmd 0x1f0 ctl 0x3f6 bmdma 0xd000 irq 14
[    7.208298] ata2: PATA max UDMA/33 cmd 0x170 ctl 0x376 bmdma 0xd008 irq 15
[    7.247413] libphy: Fixed MDIO Bus: probed
[    7.268067] tun: Universal TUN/TAP device driver, 1.6
[    7.321990] PPP generic driver version 2.4.2
[    7.339896] ehci_hcd: USB 2.0 'Enhanced' Host Controller (EHCI) Driver
[    7.359616] ehci-pci: EHCI PCI platform driver
[    7.386434] ehci-platform: EHCI generic platform driver
[    7.401043] ohci_hcd: USB 1.1 'Open' Host Controller (OHCI) Driver
[    7.444355] ohci-pci: OHCI PCI platform driver
[    7.452582] ohci-platform: OHCI generic platform driver
[    7.467707] uhci_hcd: USB Universal Host Controller Interface driver
[    7.485195] i8042: PNP: PS/2 Controller [PNP0303:PS2K,PNP0f03:PS2M] at 0x60,0x64 irq 1,12
[    7.513328] serio: i8042 KBD port at 0x60,0x64 irq 1
[    7.526546] serio: i8042 AUX port at 0x60,0x64 irq 12
[    7.541247] mousedev: PS/2 mouse device common for all mice
[    7.563249] input: AT Translated Set 2 keyboard as /devices/platform/i8042/serio0/input/input2
[    7.588430] rtc_cmos rtc_cmos: rtc core: registered rtc_cmos as rtc0
[    7.607225] rtc_cmos rtc_cmos: alarms up to one day, 114 bytes nvram
[    7.628525] i2c /dev entries driver
[    7.635379] device-mapper: uevent: version 1.0.3
[    7.667848] device-mapper: ioctl: 4.37.0-ioctl (2017-09-20) initialised: dm-devel@redhat.com
[    7.713522] ledtrig-cpu: registered to indicate activity on CPUs
[    7.731443] intel_pmc_core:  initialized
[    7.763579] NET: Registered protocol family 10
[    7.830453] Segment Routing with IPv6
[    7.848550] NET: Registered protocol family 17
[    7.864735] Key type dns_resolver registered
[    7.879339] mce: Using 0 MCE banks
[    7.885943] RAS: Correctable Errors collector initialized.
[    7.900706] sched_clock: Marking stable (7900237014, 0)->(10895519428, -2995282414)
[    7.928126] registered taskstats version 1
[    7.963238] Loading compiled-in X.509 certificates
[    8.012076] Loaded X.509 cert 'Build time autogenerated kernel key: be62403dcace2d46f96dafa9f42421c610ef3c2a'
[    8.038647] zswap: loaded using pool lzo/zbud
[    8.112910] Key type big_key registered
[    8.121895] Key type trusted registered
[    8.180081] Key type encrypted registered
[    8.194647] AppArmor: AppArmor sha1 policy hashing enabled
[    8.227907] ima: No TPM chip found, activating TPM-bypass! (rc=-19)
[    8.268673] ima: Allocated hash algorithm: sha1
[    8.284524] evm: HMAC attrs: 0x1
[    8.311020]   Magic number: 0:514:48
[    8.326323] rtc_cmos rtc_cmos: setting system clock to 2020-12-29 22:01:14 UTC (1609279274)
[    8.407746] BIOS EDD facility v0.16 2004-Jun-25, 0 devices found
[    8.417427] EDD information not available.
[    8.444780] Freeing unused kernel image memory: 2436K
[    8.456187] Write protecting the kernel read-only data: 20480k
[    8.460808] Freeing unused kernel image memory: 2008K
[    8.475524] Freeing unused kernel image memory: 1872K
[    8.487683] x86/mm: Checked W+X mappings: passed, no W+X pages found.
[    8.496241] x86/mm: Checking user space page tables
[    8.517099] x86/mm: Checked W+X mappings: passed, no W+X pages found.
Loading, please wait...
starting version 237
[    8.830066] e1000: Intel(R) PRO/1000 Network Driver - version 7.3.21-k8-NAPI
[    8.847422] e1000: Copyright (c) 1999-2006 Intel Corporation.
[    8.894364] Fusion MPT base driver 3.04.20
[    8.924374] Copyright (c) 1999-2008 LSI Corporation
[    8.983844] AVX2 version of gcm_enc/dec engaged.
[    9.076017] AES CTR mode by8 optimization enabled
[    9.108885] Fusion MPT SPI Host driver 3.04.20
[    9.156954] input: ImExPS/2 Generic Explorer Mouse as /devices/platform/i8042/serio1/input/input4
[    9.619392] e1000 0000:00:03.0 eth0: (PCI:33MHz:32-bit) 02:60:71:1d:34:36
[    9.695938] e1000 0000:00:03.0 eth0: Intel(R) PRO/1000 Network Connection
[    9.708477] e1000 0000:00:03.0 enp0s3: renamed from eth0
[    9.727361] mptbase: ioc0: Initiating bringup
[    9.832355] ioc0: LSI53C1030 A0: Capabilities={Initiator}
[   10.073535] scsi host2: ioc0: LSI53C1030 A0, FwRev=00000000h, Ports=1, MaxQ=256, IRQ=20
[   10.240792] scsi 2:0:0:0: Direct-Access     VBOX     HARDDISK         1.0  PQ: 0 ANSI: 5
[   10.278931] scsi target2:0:0: Beginning Domain Validation
[   10.368769] random: fast init done
[   10.455617] scsi target2:0:0: Domain Validation skipping write tests
[   10.481203] scsi target2:0:0: Ending Domain Validation
[   10.497040] scsi target2:0:0: asynchronous
[   10.514015] scsi 2:0:1:0: Direct-Access     VBOX     HARDDISK         1.0  PQ: 0 ANSI: 5
[   10.539531] scsi target2:0:1: Beginning Domain Validation
[   10.562201] scsi target2:0:1: Domain Validation skipping write tests
[   10.579797] scsi target2:0:1: Ending Domain Validation
[   10.594585] scsi target2:0:1: asynchronous
[   10.648569] random: systemd-udevd: uninitialized urandom read (16 bytes read)
[   10.677444] sd 2:0:0:0: [sda] 20971520 512-byte logical blocks: (10.7 GB/10.0 GiB)
[   10.698613] sd 2:0:0:0: Attached scsi generic sg0 type 0
[   10.714201] random: systemd-udevd: uninitialized urandom read (16 bytes read)
[   10.758606] sd 2:0:0:0: [sda] Write Protect is off
[   10.773514] sd 2:0:1:0: [sdb] 20480 512-byte logical blocks: (10.5 MB/10.0 MiB)
[   10.793227] sd 2:0:1:0: Attached scsi generic sg1 type 0
[   10.809641] sd 2:0:0:0: [sda] Incomplete mode parameter data
[   10.822684] sd 2:0:0:0: [sda] Assuming drive cache: write through
[   10.839429] sd 2:0:1:0: [sdb] Write Protect is off
[   10.855868] random: systemd-udevd: uninitialized urandom read (16 bytes read)
[   10.876287] sd 2:0:1:0: [sdb] Incomplete mode parameter data
[   10.897624] sd 2:0:1:0: [sdb] Assuming drive cache: write through
[   10.947299]  sda: sda1
[   10.965784] sd 2:0:0:0: [sda] Attached SCSI disk
[   10.993849] sd 2:0:1:0: [sdb] Attached SCSI disk
Begin: Loading essential drivers[   12.895498] raid6: sse2x1   gen() 10192 MB/s
 ... [   13.045490] raid6: sse2x1   xor()  7903 MB/s
[   13.105585] raid6: sse2x2   gen() 12518 MB/s
[   13.165614] raid6: sse2x2   xor()  8905 MB/s
[   13.255487] raid6: sse2x4   gen() 14533 MB/s
[   13.355532] raid6: sse2x4   xor()  6801 MB/s
[   13.456165] raid6: avx2x1   gen()  7872 MB/s
[   13.513985] raid6: avx2x1   xor()  9732 MB/s
[   13.577778] raid6: avx2x2   gen() 13399 MB/s
[   13.655546] raid6: avx2x2   xor() 11851 MB/s
[   13.734710] raid6: avx2x4   gen() 21391 MB/s
[   13.805558] raid6: avx2x4   xor() 13394 MB/s
[   13.826127] raid6: using algorithm avx2x4 gen() 21391 MB/s
[   13.935855] raid6: .... xor() 13394 MB/s, rmw enabled
[   13.936739] raid6: using avx2x2 recovery algorithm
[   13.939175] xor: automatically using best checksumming function   avx       
[   13.941842] async_tx: api initialized (async)
done.
Begin: Running /scripts/init-premount ... done.
Begin: Mounting root file system ... Begin: Running /scripts/local-top ... [   14.019203] Btrfs loaded, crc32c=crc32c-intel
done.
Begin: Running /scripts/local-premount ... Scanning for Btrfs filesystems
done.
Warning: fsck not present, so skipping root file system
[   14.410643] EXT4-fs (sda1): mounted filesystem with ordered data mode. Opts: (null)
done.
Begin: Running /scripts/local-bottom ... done.
Begin: Running /scripts/init-bottom ... done.
[   15.379075] random: crng init done
[   15.385667] random: 7 urandom warning(s) missed due to ratelimiting
[   15.577027] ip_tables: (C) 2000-2006 Netfilter Core Team
[   15.675062] systemd[1]: systemd 237 running in system mode. (+PAM +AUDIT +SELINUX +IMA +APPARMOR +SMACK +SYSVINIT +UTMP +LIBCRYPTSETUP +GCRYPT +GNUTLS +ACL +XZ +LZ4 +SECCOMP +BLKID +ELFUTILS +KMOD -IDN2 +IDN -PCRE2 default-hierarchy=hybrid)
[   15.718457] systemd[1]: Detected virtualization oracle.
[   15.720159] systemd[1]: Detected architecture x86-64.

Welcome to [1mUbuntu 18.04.5 LTS[0m!

[   15.768667] systemd[1]: Set hostname to <my-app>.
[   17.244585] systemd[1]: Created slice User and Session Slice.
[[0;32m  OK  [0m] Created slice User and Session Slice.
[   17.280367] systemd[1]: Started Forward Password Requests to Wall Directory Watch.
[[0;32m  OK  [0m] Started Forward Password Requests to Wall Directory Watch.
[   17.302242] systemd[1]: Created slice System Slice.
[[0;32m  OK  [0m] Created slice System Slice.
[   17.304338] systemd[1]: Listening on /dev/initctl Compatibility Named Pipe.
[[0;32m  OK  [0m] Listening on /dev/initctl Compatibility Named Pipe.
[   17.337490] systemd[1]: Listening on Journal Socket (/dev/log).
[[0;32m  OK  [0m] Listening on Journal Socket (/dev/log).
[   17.364419] systemd[1]: Listening on Journal Socket.
[[0;32m  OK  [0m] Listening on Journal Socket.
         Starting Remount Root and Kernel File Systems...
         Starting Set the console keyboard layout...
         Starting Uncomplicated firewall...
[[0;32m  OK  [0m] Listening on LVM2 poll daemon socket.
         Starting Load Kernel Modules...
[[0;32m  OK  [0m] Listening on LVM2 metadata daemon socket.
[[0;32m  OK  [0m] Listening on Device-mapper event daemon FIFOs.[   17.623337] EXT4-fs (sda1): re-mounted. Opts: (null)

[[0;32m  OK  [0m] Listening on udev Kernel Socket.
[[0;32m  OK  [0m] Listening on Journal Audit Socket.
[[0;32m  OK  [0m] Created slice system-serial\x2dgetty.slice.
         Mounting Kernel Debug File System...
         Starting Create list of required st…ce nodes for the current kernel...
[[0;32m  OK  [0m] Listening on udev Control Socket.
         Starting udev Coldplug all Devices...
         Mounting Huge Pages File System...
[[0;32m  OK  [0m] Set up automount Arbitrary Executab…rmats File System Automount Point.
[[0;32m  OK  [0m] Reached target System Time Synchronized.
[[0;32m  OK  [0m] Listening on Network Service Netlink Socket.
[[   18.458133] Loading iSCSI transport class v2.0-870.
[0;32m  OK  [0m] Reached target Slices.
         Starting Monitoring of LVM2 mirrors…ng dmeventd or progress polling...
[[0;32m  OK  [0m] Reached target User and Group Name Lookups.
         Mounting POSIX Message Queue File System...
[[0;32m  OK  [0m] Listening on Syslog Socket.
         Starting Journal Service...
[[0;32m  OK  [0m] Reached target Swap.
[[0;32m  OK  [0m] Started Remount Root and Kernel File Systems.
[[0;32m  OK  [0m] Started Uncomplicated firewall.
[[0;32m  OK  [0m] Mounted Kernel Debug File System.
[[0;32m  OK  [0m] Started Create list of required sta…vice nodes for the current kernel.
[[0;32m  OK  [0m] Mounted Huge Pages File System.
[[0;32m  OK  [0m] Mounted POSIX Message Queue File System.
         Starting Create Static Device Nodes in /dev...
[   19.549397] iscsi: registered transport (tcp)
         Starting Load/Save Random Seed...
[[0;32m  OK  [0m] Started LVM2 metadata daemon.
[[0;32m  OK  [0m] Started Load/Save Random Seed.
[   20.820150] systemd[1]: Started Create Static Device Nodes in /dev.
[[0;32m  OK  [0m] Started Create Static Device Nodes in /dev.
[   21.007201] systemd[1]: Starting udev Kernel Device Manager...
         Starting udev Kernel Device Manager...
[   21.236312] iscsi: registered transport (iser)
[   21.448043] systemd[1]: Started Load Kernel Modules.
[[0;32m  OK  [0m] Started Load Kernel Modules.
[   21.552238] systemd[1]: Started Monitoring of LVM2 mirrors, snapshots etc. using dmeventd or progress polling.
[[0;32m  OK  [0m] Started Monitoring of LVM2 mirrors,…sing dmeventd or progress polling.
[   21.731376] systemd[1]: Mounting Kernel Configuration File System...
         Mounting Kernel Configuration File System...
[   21.923056] systemd[1]: Starting Apply Kernel Variables...
         Starting Apply Kernel Variables...
[   22.052723] systemd[1]: Mounting FUSE Control File System...
         Mounting FUSE Control File System...
[   22.302422] systemd[1]: Mounted FUSE Control File System.
[[0;32m  OK  [0m] Mounted FUSE Control File System.
[   22.394696] systemd[1]: Mounted Kernel Configuration File System.
[[0;32m  OK  [0m] Mounted Kernel Configuration File System.
[[0;32m  OK  [0m] Started Apply Kernel Variables.
[[0;32m  OK  [0m] Started udev Kernel Device Manager.
[[0;32m  OK  [0m] Started Journal Service.
         Starting Flush Journal to Persistent Storage...
[[0;32m  OK  [0m] Started udev Coldplug all Devices.
[[0;32m  OK  [0m] Found device /dev/ttyS0.
[[0;32m  OK  [0m] Started Flush Journal to Persistent Storage.
[[0;32m  OK  [0m] Listening on Load/Save RF Kill Switch Status /dev/rfkill Watch.
[[0m[0;31m*     [0m] A start job is running for Set the …e keyboard layout (12s / no limit)[K[[0;1;31m*[0m[0;31m*    [0m] A start job is running for Set the …e keyboard layout (15s / no limit)[K[[0;32m  OK  [0m] Started Set the console keyboard layout.
[[0;32m  OK  [0m] Reached target Local File Systems (Pre).
[[0;32m  OK  [0m] Reached target Local File Systems.
         Starting Tell Plymouth To Write Out Runtime Data...
         Starting Create Volatile Files and Directories...
         Starting AppArmor initialization...
         Starting ebtables ruleset management...
         Starting Set console font and keymap...
[[0;32m  OK  [0m] Started Dispatch Password Requests to Console Directory Watch.
[[0;32m  OK  [0m] Reached target Local Encrypted Volumes.
[[0;32m  OK  [0m] Started Tell Plymouth To Write Out Runtime Data.
[[0;32m  OK  [0m] Started Set console font and keymap.
[[0;32m  OK  [0m] Started Create Volatile Files and Directories.
         Starting Update UTMP about System Boot/Shutdown...
[[0;32m  OK  [0m] Started Update UTMP about System Boot/Shutdown.
[[0;32m  OK  [0m] Started ebtables ruleset management.
[[0;32m  OK  [0m] Started AppArmor initialization.
         Starting Initial cloud-init job (pre-networking)...
         Starting Load AppArmor profiles managed internally by snapd...
[[0;32m  OK  [0m] Started Load AppArmor profiles managed internally by snapd.
[   41.367902] cloud-init[688]: Cloud-init v. 20.3-2-g371b392c-0ubuntu1~18.04.1 running 'init-local' at Tue, 29 Dec 2020 22:01:46 +0000. Up 40.38 seconds.
[[0;32m  OK  [0m] Started Initial cloud-init job (pre-networking).
[[0;32m  OK  [0m] Reached target Network (Pre).
         Starting Network Service...
[[0;32m  OK  [0m] Started Network Service.
         Starting Network Name Resolution...
         Starting Wait for Network to be Configured...
[[0;32m  OK  [0m] Started Network Name Resolution.
[[0;32m  OK  [0m] Reached target Network.
[[0;32m  OK  [0m] Reached target Host and Network Name Lookups.
[[0;32m  OK  [0m] Started Wait for Network to be Configured.
         Starting Initial cloud-init job (metadata service crawler)...
[   44.204684] cloud-init[803]: Cloud-init v. 20.3-2-g371b392c-0ubuntu1~18.04.1 running 'init' at Tue, 29 Dec 2020 22:01:50 +0000. Up 43.98 seconds.
[   44.216462] cloud-init[803]: ci-info: ++++++++++++++++++++++++++++++++++++++Net device info++++++++++++++++++++++++++++++++++++++
[   44.272738] cloud-init[803]: ci-info: +--------+------+----------------------------+---------------+--------+-------------------+
[   44.309324] cloud-init[803]: ci-info: | Device |  Up  |          Address           |      Mask     | Scope  |     Hw-Address    |
[   44.370217] cloud-init[803]: ci-info: +--------+------+----------------------------+---------------+--------+-------------------+
[   44.434268] cloud-init[803]: ci-info: | enp0s3 | True |         10.0.2.15          | 255.255.255.0 | global | 02:60:71:1d:34:36 |
[   44.500860] cloud-init[803]: ci-info: | enp0s3 | True | fe80::60:71ff:fe1d:3436/64 |       .       |  link  | 02:60:71:1d:34:36 |
[   44.577339] cloud-init[803]: ci-info: |   lo   | True |         127.0.0.1          |   255.0.0.0   |  host  |         .         |
[   44.620077] cloud-init[803]: ci-info: |   lo   | True |          ::1/128           |       .       |  host  |         .         |
[   44.658839] cloud-init[803]: ci-info: +--------+------+----------------------------+---------------+--------+-------------------+
[   44.719895] cloud-init[803]: ci-info: ++++++++++++++++++++++++++++Route IPv4 info+++++++++++++++++++++++++++++
[   44.799592] cloud-init[803]: ci-info: +-------+-------------+----------+-----------------+-----------+-------+
[   44.869085] cloud-init[803]: ci-info: | Route | Destination | Gateway  |     Genmask     | Interface | Flags |
[   44.938900] cloud-init[803]: ci-info: +-------+-------------+----------+-----------------+-----------+-------+
[   45.093384] cloud-init[803]: ci-info: |   0   |   0.0.0.0   | 10.0.2.2 |     0.0.0.0     |   enp0s3  |   UG  |
[   45.152010] cloud-init[803]: ci-info: |   1   |   10.0.2.0  | 0.0.0.0  |  255.255.255.0  |   enp0s3  |   U   |
[   45.200413] cloud-init[803]: ci-info: |   2   |   10.0.2.2  | 0.0.0.0  | 255.255.255.255 |   enp0s3  |   UH  |
[   45.268504] cloud-init[803]: ci-info: +-------+-------------+----------+-----------------+-----------+-------+
[   45.308559] cloud-init[803]: ci-info: +++++++++++++++++++Route IPv6 info+++++++++++++++++++
[   45.330356] cloud-init[803]: ci-info: +-------+-------------+---------+-----------+-------+
[   45.367985] cloud-init[803]: ci-info: | Route | Destination | Gateway | Interface | Flags |
[   45.402477] cloud-init[803]: ci-info: +-------+-------------+---------+-----------+-------+
[   45.466016] cloud-init[803]: ci-info: |   1   |  fe80::/64  |    ::   |   enp0s3  |   U   |
[   45.514364] cloud-init[803]: ci-info: |   3   |    local    |    ::   |   enp0s3  |   U   |
[   45.548610] cloud-init[803]: ci-info: |   4   |   ff00::/8  |    ::   |   enp0s3  |   U   |
[   45.597584] cloud-init[803]: ci-info: +-------+-------------+---------+-----------+-------+
[[0;32m  OK  [0m] Started Initial cloud-init job (metadata service crawler).
[[0;32m  OK  [0m] Reached target Cloud-config availability.
[[0;32m  OK  [0m] Reached target Network is Online.
         Starting Availability of block devices...
[[0;32m  OK  [0m] Reached target Remote File Systems (Pre).
[[0;32m  OK  [0m] Reached target Remote File Systems.
[[0;32m  OK  [0m] Reached target System Initialization.
[[0;32m  OK  [0m] Listening on D-Bus System Message Bus Socket.
[[0;32m  OK  [0m] Listening on ACPID Listen Socket.
[[0;32m  OK  [0m] Started ACPI Events Check.
[[0;32m  OK  [0m] Reached target Paths.
[[0;32m  OK  [0m] Started Daily Cleanup of Temporary Directories.
[[0;32m  OK  [0m] Started Message of the Day.
[[0;32m  OK  [0m] Started Daily apt download activities.
[[0;32m  OK  [0m] Started Daily apt upgrade and clean activities.
         Starting Socket activation for snappy daemon.
[[0;32m  OK  [0m] Listening on Open-iSCSI iscsid Socket.
         Starting LXD - unix socket.
[[0;32m  OK  [0m] Listening on UUID daemon activation socket.
[[0;32m  OK  [0m] Started Discard unused blocks once a week.
[[0;32m  OK  [0m] Reached target Timers.
[[0;32m  OK  [0m] Started Availability of block devices.
[[0;32m  OK  [0m] Listening on Socket activation for snappy daemon.
[[0;32m  OK  [0m] Listening on LXD - unix socket.
[[0;32m  OK  [0m] Reached target Sockets.
[[0;32m  OK  [0m] Reached target Basic System.
         Starting Accounts Service...
         Starting Login Service...
         Starting Puppet master...
[[0;32m  OK  [0m] Started FUSE filesystem for LXC.
         Starting LSB: Record successful boot for GRUB...
         Starting Virtualbox guest utils...
[[0;32m  OK  [0m] Started irqbalance daemon.
         Starting System Logging Service...
         Starting Permit User Sessions...
         Starting Dispatcher daemon for systemd-networkd...
         Starting LSB: automatic crash report generation...
[[0;32m  OK  [0m] Started Regular background program processing daemon.
         Starting OpenBSD Secure Shell server...
[[0;32m  OK  [0m] Started Deferred execution scheduler.
[[0;32m  OK  [0m] Started D-Bus System Message Bus.
[[0;32m  OK  [0m] Started Login Service.
[[0;32m  OK  [0m] Started Unattended Upgrades Shutdown.
         Starting LXD - container startup/shutdown...
         Starting Snap Daemon...
[[0;32m  OK  [0m] Started System Logging Service.
[[0;32m  OK  [0m] Started Permit User Sessions.
         Starting Terminate Plymouth Boot Screen...
         Starting Hold until boot process finishes up...
[[0;32m  OK  [0m] Started Dispatcher daemon for systemd-networkd.
[[0;32m  OK  [0m] Started Terminate Plymouth Boot Screen.
[[0;32m  OK  [0m] Started OpenBSD Secure Shell server.
[[0;32m  OK  [0m] Started Hold until boot process finishes up.
[[0;32m  OK  [0m] Started Serial Getty on ttyS0.
         Starting Set console scheme...
         Starting Authorization Manager...
[[0;32m  OK  [0m] Started Set console scheme.
[[0;32m  OK  [0m] Created slice system-getty.slice.
[[0;32m  OK  [0m] Started Getty on tty1.
[[0;32m  OK  [0m] Reached target Login Prompts.
[[0;32m  OK  [0m] Started LSB: automatic crash report generation.
[[0;32m  OK  [0m] Started LSB: Record successful boot for GRUB.
[[0;32m  OK  [0m] Started Authorization Manager.
[[0;32m  OK  [0m] Started Accounts Service.
[[0;32m  OK  [0m] Created slice User Slice of vagrant.
[[0;32m  OK  [0m] Started Virtualbox guest utils.
[[0;32m  OK  [0m] Started Session 1 of user vagrant.
         Starting User Manager for UID 1000...

Ubuntu 18.04.5 LTS my-app ttyS0

my-app login: [   61.259573] cloud-init[1332]: Cloud-init v. 20.3-2-g371b392c-0ubuntu1~18.04.1 running 'modules:config' at Tue, 29 Dec 2020 22:02:06 +0000. Up 60.10 seconds.
[   85.340317] cloud-init[1738]: Cloud-init v. 20.3-2-g371b392c-0ubuntu1~18.04.1 running 'modules:final' at Tue, 29 Dec 2020 22:02:31 +0000. Up 85.10 seconds.
[   85.449910] cloud-init[1738]: Cloud-init v. 20.3-2-g371b392c-0ubuntu1~18.04.1 finished at Tue, 29 Dec 2020 22:02:31 +0000. Datasource DataSourceNoCloud [seed=/dev/sdb][dsmode=net].  Up 85.31 seconds
